1690237383380	geckodriver	INFO	Listening on 127.0.0.1:53774
1690237466124	geckodriver	INFO	Listening on 127.0.0.1:53797
1690237646518	geckodriver	INFO	Listening on 127.0.0.1:53828
1690238046919	geckodriver	INFO	Listening on 127.0.0.1:53883
1690238046947	mozrunner::runner	INFO	Running command: MOZ_CRASHREPORTER="1" MOZ_CRASHREPORTER_NO_REPORT="1" MOZ_CRASHREPORTER_SHUTDOWN="1" MOZ_NO_REMOTE="1" "/App ... "--marionette" "-foreground" "-no-remote" "-profile" "/var/folders/zx/h3nmk1sx7sj9tgb55zhf82wm0000gn/T/rust_mozprofiledpFXIM"
console.warn: services.settings: Ignoring preference override of remote settings server
console.warn: services.settings: Allow by setting MOZ_REMOTE_SETTINGS_DEVTOOLS=1 in the environment
1690238047549	Marionette	INFO	Marionette enabled
1690238047737	Marionette	INFO	Listening on port 53888
Read port: 53888
1690238048032	RemoteAgent	WARN	TLS certificate errors will be ignored for this session
1690239609452	geckodriver	INFO	Listening on 127.0.0.1:54437
1690239610466	mozrunner::runner	INFO	Running command: MOZ_CRASHREPORTER="1" MOZ_CRASHREPORTER_NO_REPORT="1" MOZ_CRASHREPORTER_SHUTDOWN="1" MOZ_NO_REMOTE="1" "/App ... "--marionette" "-foreground" "-no-remote" "-profile" "/var/folders/zx/h3nmk1sx7sj9tgb55zhf82wm0000gn/T/rust_mozprofilezUKImo"
console.warn: services.settings: Ignoring preference override of remote settings server
console.warn: services.settings: Allow by setting MOZ_REMOTE_SETTINGS_DEVTOOLS=1 in the environment
1690239610946	Marionette	INFO	Marionette enabled
1690239611333	Marionette	INFO	Listening on port 54444
Read port: 54444
1690239611536	RemoteAgent	WARN	TLS certificate errors will be ignored for this session
1690240157570	geckodriver	INFO	Listening on 127.0.0.1:54654
1690240157577	mozrunner::runner	INFO	Running command: MOZ_CRASHREPORTER="1" MOZ_CRASHREPORTER_NO_REPORT="1" MOZ_CRASHREPORTER_SHUTDOWN="1" MOZ_NO_REMOTE="1" "/App ... "--marionette" "-foreground" "-no-remote" "-profile" "/var/folders/zx/h3nmk1sx7sj9tgb55zhf82wm0000gn/T/rust_mozprofile6Y5IWM"
console.warn: services.settings: Ignoring preference override of remote settings server
console.warn: services.settings: Allow by setting MOZ_REMOTE_SETTINGS_DEVTOOLS=1 in the environment
1690240158193	Marionette	INFO	Marionette enabled
1690240158391	Marionette	INFO	Listening on port 54659
Read port: 54659
1690240158649	RemoteAgent	WARN	TLS certificate errors will be ignored for this session
1690240160787	Marionette	INFO	Stopped listening on port 54659
console.error: (new Error("IndexedDB: main/quicksuggest list() IndexedDB:  execute() The application is shutting down", "resource://services-settings/IDBHelpers.jsm", 18))
console.error: (new Error("IndexedDB: main/quicksuggest list() IndexedDB:  execute() The application is shutting down", "resource://services-settings/IDBHelpers.jsm", 18))
console.error: (new Error("IndexedDB: main/quicksuggest list() IndexedDB:  execute() The application is shutting down", "resource://services-settings/IDBHelpers.jsm", 18))
1690240214267	geckodriver	INFO	Listening on 127.0.0.1:54687
1690240215290	mozrunner::runner	INFO	Running command: MOZ_CRASHREPORTER="1" MOZ_CRASHREPORTER_NO_REPORT="1" MOZ_CRASHREPORTER_SHUTDOWN="1" MOZ_NO_REMOTE="1" "/App ... "--marionette" "-foreground" "-no-remote" "-profile" "/var/folders/zx/h3nmk1sx7sj9tgb55zhf82wm0000gn/T/rust_mozprofile3omtu6"
console.warn: services.settings: Ignoring preference override of remote settings server
console.warn: services.settings: Allow by setting MOZ_REMOTE_SETTINGS_DEVTOOLS=1 in the environment
1690240215882	Marionette	INFO	Marionette enabled
1690240216074	Marionette	INFO	Listening on port 54695
Read port: 54695
1690240216394	RemoteAgent	WARN	TLS certificate errors will be ignored for this session
1690240218494	Marionette	INFO	Stopped listening on port 54695
console.error: (new Error("IndexedDB: main/quicksuggest list() IndexedDB:  execute() The application is shutting down", "resource://services-settings/IDBHelpers.jsm", 18))
console.error: (new Error("IndexedDB: main/quicksuggest list() IndexedDB:  execute() The application is shutting down", "resource://services-settings/IDBHelpers.jsm", 18))
console.error: (new Error("IndexedDB: main/quicksuggest list() IndexedDB:  execute() The application is shutting down", "resource://services-settings/IDBHelpers.jsm", 18))
1690243080897	geckodriver	INFO	Listening on 127.0.0.1:55247
1690243081926	mozrunner::runner	INFO	Running command: MOZ_CRASHREPORTER="1" MOZ_CRASHREPORTER_NO_REPORT="1" MOZ_CRASHREPORTER_SHUTDOWN="1" MOZ_NO_REMOTE="1" "/App ... "--marionette" "-foreground" "-no-remote" "-profile" "/var/folders/zx/h3nmk1sx7sj9tgb55zhf82wm0000gn/T/rust_mozprofileKo8kVS"
console.warn: services.settings: Ignoring preference override of remote settings server
console.warn: services.settings: Allow by setting MOZ_REMOTE_SETTINGS_DEVTOOLS=1 in the environment
1690243082567	Marionette	INFO	Marionette enabled
1690243082779	Marionette	INFO	Listening on port 55254
Read port: 55254
1690243083066	RemoteAgent	WARN	TLS certificate errors will be ignored for this session
1690243085013	Marionette	INFO	Stopped listening on port 55254
console.error: services.settings: 
  main/quicksuggest Signature failed  TypeError: NetworkError: Network request failed
console.error: (new NetworkError("Network error: TypeError: NetworkError: Network request failed", "resource://services-settings/RemoteSettingsClient.sys.mjs", 111))
console.error: (new NetworkError("Network error: TypeError: NetworkError: Network request failed", "resource://services-settings/RemoteSettingsClient.sys.mjs", 111))
console.error: (new NetworkError("Network error: TypeError: NetworkError: Network request failed", "resource://services-settings/RemoteSettingsClient.sys.mjs", 111))
1690243247307	Marionette	INFO	Stopped listening on port 54444
console.warn: TopSitesFeed: Failed to fetch data from Contile server: NetworkError when attempting to fetch resource.
1690243251202	Marionette	INFO	Stopped listening on port 53888
console.warn: TopSitesFeed: Failed to fetch data from Contile server: NetworkError when attempting to fetch resource.
1690253436738	geckodriver	INFO	Listening on 127.0.0.1:55528
1690253436748	mozrunner::runner	INFO	Running command: MOZ_CRASHREPORTER="1" MOZ_CRASHREPORTER_NO_REPORT="1" MOZ_CRASHREPORTER_SHUTDOWN="1" MOZ_NO_REMOTE="1" "/App ... "--marionette" "-foreground" "-no-remote" "-profile" "/var/folders/zx/h3nmk1sx7sj9tgb55zhf82wm0000gn/T/rust_mozprofileTNJ07y"
console.warn: services.settings: Ignoring preference override of remote settings server
console.warn: services.settings: Allow by setting MOZ_REMOTE_SETTINGS_DEVTOOLS=1 in the environment
1690253437589	Marionette	INFO	Marionette enabled
1690253437828	Marionette	INFO	Listening on port 55533
Read port: 55533
1690253438181	RemoteAgent	WARN	TLS certificate errors will be ignored for this session
1690253440283	Marionette	INFO	Stopped listening on port 55533
console.warn: services.settings: main/quicksuggest sync interrupted by shutdown
1690253477236	geckodriver	INFO	Listening on 127.0.0.1:55551
1690253477252	mozrunner::runner	INFO	Running command: MOZ_CRASHREPORTER="1" MOZ_CRASHREPORTER_NO_REPORT="1" MOZ_CRASHREPORTER_SHUTDOWN="1" MOZ_NO_REMOTE="1" "/App ... "--marionette" "-foreground" "-no-remote" "-profile" "/var/folders/zx/h3nmk1sx7sj9tgb55zhf82wm0000gn/T/rust_mozprofile4JijzE"
console.warn: services.settings: Ignoring preference override of remote settings server
console.warn: services.settings: Allow by setting MOZ_REMOTE_SETTINGS_DEVTOOLS=1 in the environment
1690253478020	Marionette	INFO	Marionette enabled
1690253478250	Marionette	INFO	Listening on port 55557
Read port: 55557
1690253478686	RemoteAgent	WARN	TLS certificate errors will be ignored for this session
1690253480721	Marionette	WARN	Ignoring event 'pageshow' because document has an invalid readyState of 'uninitialized'.
1690253480855	Marionette	INFO	Stopped listening on port 55557
console.error: services.settings: 
  main/quicksuggest Signature failed  TypeError: NetworkError: Network request failed
console.error: (new NetworkError("Network error: TypeError: NetworkError: Network request failed", "resource://services-settings/RemoteSettingsClient.sys.mjs", 111))
console.error: (new NetworkError("Network error: TypeError: NetworkError: Network request failed", "resource://services-settings/RemoteSettingsClient.sys.mjs", 111))
console.error: (new NetworkError("Network error: TypeError: NetworkError: Network request failed", "resource://services-settings/RemoteSettingsClient.sys.mjs", 111))
1690254402338	geckodriver	INFO	Listening on 127.0.0.1:55864
1690254402353	mozrunner::runner	INFO	Running command: MOZ_CRASHREPORTER="1" MOZ_CRASHREPORTER_NO_REPORT="1" MOZ_CRASHREPORTER_SHUTDOWN="1" MOZ_NO_REMOTE="1" "/App ... "--marionette" "-foreground" "-no-remote" "-profile" "/var/folders/zx/h3nmk1sx7sj9tgb55zhf82wm0000gn/T/rust_mozprofileA00bj0"
console.warn: services.settings: Ignoring preference override of remote settings server
console.warn: services.settings: Allow by setting MOZ_REMOTE_SETTINGS_DEVTOOLS=1 in the environment
1690254403178	Marionette	INFO	Marionette enabled
1690254403413	Marionette	INFO	Listening on port 55869
Read port: 55869
1690254403773	RemoteAgent	WARN	TLS certificate errors will be ignored for this session
1690254405981	Marionette	INFO	Stopped listening on port 55869
console.error: services.settings: 
  main/quicksuggest Signature failed  TypeError: NetworkError: Network request failed
console.error: (new NetworkError("Network error: TypeError: NetworkError: Network request failed", "resource://services-settings/RemoteSettingsClient.sys.mjs", 111))
console.error: (new NetworkError("Network error: TypeError: NetworkError: Network request failed", "resource://services-settings/RemoteSettingsClient.sys.mjs", 111))
console.error: (new NetworkError("Network error: TypeError: NetworkError: Network request failed", "resource://services-settings/RemoteSettingsClient.sys.mjs", 111))
